<?xml version="1.0" encoding="UTF-8"?>
<!-- Generated by org.testng.reporters.JUnitXMLReporter -->
<testsuite ignored="0" hostname="DESKTOP-VT2RIPP" failures="1" tests="1" name="Test1" time="0.047" errors="0" timestamp="2022-09-28T10:55:08 IST">
  <testcase classname="Tests.AddOwner" name="@AfterTest teardown" time="0.0">
    <failure type="java.lang.NullPointerException">
      <![CDATA[java.lang.NullPointerException
at Tests.AddOwner.teardown(AddOwner.java:76)
... Removed 24 stack frames]]>
    </failure>
  </testcase> <!-- @AfterTest teardown -->
  <testcase classname="Tests.AddOwner" name="AddOwnerMethod" time="0.0">
    <failure type="java.lang.NullPointerException">
      <![CDATA[java.lang.NullPointerException
at ExtentRep.Listeners3.onTestStart(Listeners3.java:23)
at java.base/java.util.ArrayList.forEach(ArrayList.java:1540)
... Removed 24 stack frames]]>
    </failure>
  </testcase> <!-- AddOwnerMethod -->
</testsuite> <!-- Test1 -->
