<?xml version="1.0" encoding="UTF-8"?>
<!-- Generated by org.testng.reporters.JUnitXMLReporter -->
<testsuite ignored="0" hostname="DESKTOP-VT2RIPP" failures="1" tests="1" name="Test" time="3.532" errors="0" timestamp="2022-09-27T16:15:34 IST">
  <testcase classname="Tests.Test1" name="invokebrowser" time="3.238">
    <failure type="java.lang.AssertionError" message="expected [true] but found [false]">
      <![CDATA[java.lang.AssertionError: expected [true] but found [false]
at Tests.Test1.invokebrowser(Test1.java:24)
at java.base/java.util.ArrayList.forEach(ArrayList.java:1540)
... Removed 31 stack frames]]>
    </failure>
  </testcase> <!-- invokebrowser -->
</testsuite> <!-- Test -->
